A51 MACRO ASSEMBLER  MAIN                                                                 07/07/2020 01:20:19 PAGE     1


MACRO ASSEMBLER A51 V8.2.7.0
OBJECT MODULE PLACED IN .\Objects\main.obj
ASSEMBLER INVOKED BY: D:\Keil C51\C51\BIN\A51.EXE main.a51 SET(SMALL) DEBUG PRINT(.\Listings\main.lst) OBJECT(.\Objects\
                      main.obj) EP

LOC  OBJ            LINE     SOURCE

  0090                 1     KEY1 EQU P1.0
  0091                 2     KEY2 EQU P1.1
  0092                 3     KEY3 EQU P1.2
  0093                 4     KEY4 EQU P1.3   
0000                   5             ORG 0000H       
0000 011D              6             AJMP MAIN
000B                   7         ORG 000BH
000B 0144              8             AJMP TIMER1
001B                   9             ORG 01BH
001B 017F             10             AJMP TIMER2
001D                  11     MAIN:
001D 753001           12             MOV 30H,#1
0020 D2B0             13             SETB P3.0
0022 7D14             14             MOV R5,#20
0024 7A05             15             MOV R2,#5
0026 7B05             16             MOV R3,#5
0028 7C0F             17             MOV R4,#15
002A 758911           18             MOV TMOD,#11H
002D 758C3C           19             MOV TH0,#03CH
0030 758AB0           20             MOV TL0,#0B0H
0033 758DD8           21             MOV TH1,#0D8H
0036 758BF0           22             MOV TL1,#0F0H
0039 75A88A           23             MOV IE,#8AH
003C D28C             24             SETB TR0
003E D28E             25             SETB TR1
0040 3162             26             ACALL DISPLAY
0042 80FC             27             SJMP $-2
0044                  28     TIMER1:
0044 758C3C           29               MOV TH0,#03CH
0047 758AB0           30               MOV TL0,#0B0H
004A DB04             31               DJNZ R3,T001
004C B2D5             32               CPL F0
004E 7B05             33               MOV R3,#5
0050                  34               T001:
0050 DD25             35               DJNZ R5,T0_EX
0052 7D14             36               MOV R5,#20
0054 DC03             37               DJNZ R4,TO
0056 753001           38               MOV 30H,#1
0059                  39               TO:
0059 0526             40               INC 26H  
005B E526             41               MOV A,26H
005D B43C17           42               CJNE A,#60,T0_EX
0060 752600           43               MOV 26H,#0 
0063 0527             44           INC 27H
0065 E527             45               MOV A,27H
0067 B43C0D           46               CJNE A,#60,T0_EX
006A 752700           47               MOV 27H,#0
006D 0528             48               INC 28H
006F E528             49               MOV A,28H
0071 B41803           50               CJNE A,#24,T0_EX
0074 752800           51               MOV 28H,#0
0077                  52     T0_EX: 
0077 E530             53                     MOV A,30H
0079 B40102           54                     CJNE A,#1,EX2
007C 51EA             55                     ACALL ALSM
007E                  56                     EX2:    
007E 32               57                             RETI
A51 MACRO ASSEMBLER  MAIN                                                                 07/07/2020 01:20:19 PAGE     2

007F                  58      TIMER2:
007F 758DD8           59                     MOV TH1,#0D8H
0082 758BF0           60                     MOV TL1,#0F0H
0085 DA04             61                     DJNZ R2,EX
0087 7A05             62                     MOV R2,#5
0089 118C             63                     ACALL KEYPRESS
008B                  64                     EX:
008B 32               65                       RETI
008C                  66                     KEYPRESS:
008C 30900D           67                                     JNB KEY1,K1
008F 30911D           68                                     JNB KEY2,K2
0092 30922A           69                                     JNB KEY3,K3
0095 309302           70                                     JNB KEY4,K41
0098 2161             71                                     AJMP OUT
009A                  72                                     K41:
009A 2112             73                                             AJMP K4
009C                  74                                     K1:
009C 7A32             75                                             MOV R2,#50
009E 7C0F             76                                             MOV R4,#15
00A0 0530             77                                             INC 30H
00A2 753101           78                                             MOV 31H,#1
00A5 E530             79                                             MOV A,30H
00A7 B40703           80                                             CJNE A,#7,OUT10
00AA 753001           81                                             MOV 30H,#1
00AD                  82                                             OUT10:
00AD 2161             83                                             AJMP OUT
00AF                  84                                             K2:
00AF 7A32             85                                                     MOV R2,#50
00B1 7C0F             86                                                     MOV R4,#15
00B3 0531             87                                                     INC 31H
00B5 E531             88                                                     MOV A,31H
00B7 B40532           89                                                     CJNE A,#5,OUT1
00BA 753101           90                                                     MOV 31H,#1
00BD 2161             91                                                     AJMP OUT
00BF                  92                                                     K3:
00BF 7B05             93                                                         MOV R3,#5
00C1 C2D5             94                                                             CLR F0
00C3 7A0F             95                                                             MOV R2,#15
00C5 7C0F             96                                                             MOV R4,#15
00C7 E530             97                                                             MOV A,30H
00C9 B40103           98                                                             CJNE A,#1,T01
00CC 020161           99                                                             LJMP OUT
00CF B4020D          100                                                     T01:CJNE A,#2,T02
00D2 0528            101                                                             INC 28H
00D4 E528            102                                                             MOV A,28H
00D6 B41813          103                                                             CJNE A,#24,OUT1
00D9 752800          104                                                             MOV 28H,#0
00DC 020161          105                                                             LJMP OUT
00DF B4030C          106                                                     T02:CJNE A,#3,T03
00E2 0527            107                                                             INC 27H
00E4 E527            108                                                             MOV A,27H
00E6 B43C78          109                                                             CJNE A,#60,OUT
00E9 752700          110                                                             MOV 27H,#0
00EC                 111                                                     OUT1:
00EC 8073            112                                                             SJMP OUT
00EE                 113                                                     T03:
00EE A631            114                                                             MOV @R0,31H
00F0 C4              115                                                             SWAP A
00F1 D6              116                                                             XCHD A,@R0
00F2 F9              117                                                             MOV R1,A
00F3 E7              118                                                             MOV A,@R1
00F4 04              119                                                             INC A
00F5 F532            120                                                             MOV 32H,A
00F7 E531            121                                                             MOV A,31H
00F9 30E00A          122                                                             JNB ACC.0,TK1
00FC E532            123                                                             MOV A,32H
A51 MACRO ASSEMBLER  MAIN                                                                 07/07/2020 01:20:19 PAGE     3

00FE B4180D          124                                                             CJNE A,#24,T03O
0101 753200          125                                                             MOV 32H,#0
0104 8008            126                                                             SJMP T03O
0106                 127                                                     TK1:
0106 E532            128                                                             MOV A,32H
0108 B43C03          129                                                             CJNE A,#60,T03O
010B 753200          130                                                             MOV 32H,#0
010E                 131                                                     T03O:
010E A732            132                                                             MOV @R1,32H
0110 804F            133                                                             SJMP OUT
0112                 134                                                     K4:
0112 7B05            135                                                         MOV R3,#5
0114 C2D5            136                                                             CLR F0
0116 7A0F            137                                                             MOV R2,#15
0118 7C0F            138                                                             MOV R4,#15
011A E530            139                                                             MOV A,30H
011C B40102          140                                                             CJNE A,#1,S01
011F 8040            141                                                             SJMP OUT
0121 B4020C          142                                                     S01:CJNE A,#2,S02
0124 1528            143                                                             DEC 28H
0126 E528            144                                                             MOV A,28H
0128 B4FF36          145                                                             CJNE A,#0FFH,OUT
012B 752817          146                                                             MOV 28H,#23
012E 8031            147                                                             SJMP OUT
0130 B4030C          148                                                     S02:CJNE A,#3,S03
0133 1527            149                                                             DEC 27H
0135 E527            150                                                             MOV A,27H
0137 B4FF27          151                                                             CJNE A,#0FFH,OUT
013A 75273B          152                                                             MOV 27H,#59
013D 8022            153                                                             SJMP OUT
013F                 154                                                     S03:
013F A631            155                                                             MOV @R0,31H
0141 C4              156                                                             SWAP A
0142 D6              157                                                             XCHD A,@R0
0143 F9              158                                                             MOV R1,A
0144 E7              159                                                             MOV A,@R1
0145 14              160                                                             DEC A
0146 F532            161                                                             MOV 32H,A
0148 E531            162                                                             MOV A,31H
014A 30E00A          163                                                             JNB ACC.0,PK1
014D E532            164                                                             MOV A,32H
014F B4FF0D          165                                                             CJNE A,#0FFH,S03O
0152 753217          166                                                             MOV 32H,#23
0155 8008            167                                                             SJMP S03O
0157                 168                                                     PK1:
0157 E532            169                                                             MOV A,32H
0159 B4FF03          170                                                             CJNE A,#0FFH,S03O
015C 75323B          171                                                             MOV 32H,#59
015F                 172                                                     S03O:
015F A732            173                                                             MOV @R1,32H
0161                 174                                                     OUT:
0161 22              175                                                              RET                    
0162                 176     DISPLAY: 
0162 E530            177             MOV A,30H
0164 20E202          178             JB ACC.2,DISP_B1
0167 216B            179             AJMP DISP_A
0169                 180             DISP_B1:
0169 21F5            181                     AJMP DISP_B
016B                 182      DISP_A:
016B E526            183                 MOV A,26H
016D 75F00A          184                 MOV B,#10
0170 84              185                 DIV AB
0171 85F020          186                 MOV 20H,B  
0174 F521            187                 MOV 21H,A  
                     188                     
0176 E530            189                     MOV A,30H
A51 MACRO ASSEMBLER  MAIN                                                                 07/07/2020 01:20:19 PAGE     4

0178 30E10E          190                     JNB ACC.1,DK3
017B 30E00B          191                     JNB ACC.0,DK3
017E 30D508          192                     JNB F0,DK3
0181 75220A          193                     MOV 22H,#10
0184 75230A          194                     MOV 23H,#10
0187 21A7            195                     AJMP DK4
0189                 196                     DK3:
0189 E527            197                 MOV A,27H
018B 75F00A          198                 MOV B,#10
018E 84              199                 DIV AB
018F 85F022          200                 MOV 22H,B  
0192 F523            201                 MOV 23H,A  
                     202                     
0194 E530            203                     MOV A,30H
0196 30E10E          204                     JNB ACC.1,DK4
0199 20E00B          205                     JB ACC.0,DK4
019C 30D508          206                     JNB F0,DK4
019F 75240A          207                     MOV 24H,#10
01A2 75250A          208                     MOV 25H,#10
01A5 21B2            209                     AJMP DK5
01A7                 210                     DK4:
01A7 E528            211                 MOV A,28H
01A9 75F00A          212                 MOV B,#10
01AC 84              213                 DIV AB
01AD 85F024          214                 MOV 24H,B  
01B0 F525            215                 MOV 25H,A   
01B2                 216                     DK5:
01B2 7537FF          217                     MOV 37H,#0FFH
01B5 8537A0          218             MOV P2,37H
01B8 E520            219                     MOV A,20H
01BA 7148            220                     ACALL DSP
01BC F580            221                     MOV P0,A
01BE 713A            222                     ACALL WXM       
01C0 E521            223                     MOV A,21H
01C2 7148            224                     ACALL DSP
01C4 F580            225                     MOV P0,A
01C6 713A            226                     ACALL WXM
01C8 758040          227                     MOV P0,#40H
01CB 713A            228                     ACALL WXM
01CD E522            229                     MOV A,22H
01CF 7148            230                     ACALL DSP
01D1 F580            231                     MOV P0,A
01D3 713A            232                     ACALL WXM       
01D5 E523            233                     MOV A,23H
01D7 7148            234                     ACALL DSP
01D9 F580            235                     MOV P0,A
01DB 713A            236                     ACALL WXM
01DD 758040          237                     MOV P0,#40H
01E0 713A            238                     ACALL WXM       
01E2 E524            239                     MOV A,24H
01E4 7148            240                     ACALL DSP
01E6 F580            241                     MOV P0,A
01E8 713A            242                     ACALL WXM       
01EA E525            243                     MOV A,25H
01EC 7148            244                     ACALL DSP
01EE F580            245                     MOV P0,A
01F0 713A            246                     ACALL WXM
01F2 0202E9          247             LJMP DOUT
01F5                 248                     DISP_B:
01F5 20E11F          249                             JB ACC.1,BK2
01F8 20E00E          250                             JB ACC.0,BK1
01FB 854133          251                             MOV 33H,41H
01FE 854234          252                             MOV 34H,42H
0201 854335          253                             MOV 35H,43H
0204 854436          254                             MOV 36H,44H
0207 4123            255                             AJMP PUTS
A51 MACRO ASSEMBLER  MAIN                                                                 07/07/2020 01:20:19 PAGE     5

0209                 256                             BK1:
0209 855133          257                                     MOV 33H,51H
020C 855234          258                                     MOV 34H,52H
020F 855335          259                                     MOV 35H,53H
0212 855436          260                                     MOV 36H,54H
0215 4123            261                                     AJMP PUTS
0217                 262                                     BK2:
0217 856133          263                                             MOV 33H,61H
021A 856234          264                                             MOV 34H,62H
021D 856335          265                                             MOV 35H,63H
0220 856436          266                                             MOV 36H,64H
0223                 267                                             PUTS:
0223 E531            268                                                     MOV A,31H
0225 30E20B          269                                                     JNB ACC.2,BK3
0228 30D508          270                                                     JNB F0,BK3
022B 755B0A          271                                                     MOV 5BH,#10
022E 755C0A          272                                                     MOV 5CH,#10
0231 413E            273                                                     AJMP BK4
0233                 274                                                     BK3:
0233 E536            275                                                             MOV A,36H
0235 75F00A          276                                                             MOV B,#10
0238 84              277                                                             DIV AB
0239 85F05C          278                                                             MOV 5CH,B
023C F55B            279                                                             MOV 5BH,A
023E                 280                                             BK4:
023E E531            281                                                     MOV A,31H
0240 20E211          282                                                     JB ACC.2,BK5
0243 30E10E          283                                                     JNB ACC.1,BK5
0246 30E00B          284                                                     JNB ACC.0,BK5
0249 30D508          285                                                     JNB F0,BK5
024C 75590A          286                                                     MOV 59H,#10
024F 755A0A          287                                                     MOV 5AH,#10
0252 415F            288                                                     AJMP BK6
0254                 289                                                     BK5:
0254 E535            290                                                             MOV A,35H
0256 75F00A          291                                                             MOV B,#10
0259 84              292                                                             DIV AB 
025A 85F05A          293                                                             MOV 5AH,B
025D F559            294                                                             MOV 59H,A
025F                 295                                             BK6:
025F E531            296                                                     MOV A,31H
0261 20E211          297                                                     JB ACC.2,BK7
0264 30E10E          298                                                     JNB ACC.1,BK7
0267 20E00B          299                                                     JB ACC.0,BK7
026A 30D508          300                                                     JNB F0,BK7
026D 75570A          301                                                     MOV 57H,#10
0270 75580A          302                                                     MOV 58H,#10
0273 4180            303                                                     AJMP BK8
0275                 304                                                     BK7:
0275 E534            305                                                             MOV A,34H
0277 75F00A          306                                                             MOV B,#10
027A 84              307                                                             DIV AB
027B 85F058          308                                                             MOV 58H,B
027E F557            309                                                             MOV 57H,A
0280                 310                                             BK8:
0280 E531            311                                                     MOV A,31H
0282 20E211          312                                                     JB ACC.2,BK9
0285 20E10E          313                                                     JB ACC.1,BK9
0288 30E00B          314                                                     JNB ACC.0,BK9
028B 30D508          315                                                     JNB F0,BK9
028E 75550A          316                                                     MOV 55H,#10
0291 75560A          317                                                     MOV 56H,#10
0294 41A1            318                                                     AJMP XS
0296                 319                                                     BK9:
0296 E533            320                                                             MOV A,33H
0298 75F00A          321                                                             MOV B,#10
A51 MACRO ASSEMBLER  MAIN                                                                 07/07/2020 01:20:19 PAGE     6

029B 84              322                                                             DIV AB
029C 85F056          323                                                             MOV 56H,B
029F F555            324                                                             MOV 55H,A
02A1                 325                     XS:                                             
02A1 7537FF          326                             MOV 37H,#0FFH
02A4 8537A0          327                             MOV P2,37H
02A7 E55C            328                             MOV A,5CH
02A9 7148            329                             ACALL DSP
02AB F580            330                             MOV P0,A
02AD 713A            331                             ACALL WXM
02AF E55B            332                             MOV A,5BH
02B1 7148            333                             ACALL DSP
02B3 F580            334                             MOV P0,A
02B5 713A            335                             ACALL WXM
02B7 E55A            336                             MOV A,5AH
02B9 7148            337                             ACALL DSP
02BB F580            338                             MOV P0,A
02BD 713A            339                             ACALL WXM
02BF E559            340                             MOV A,59H
02C1 7148            341                             ACALL DSP
02C3 F580            342                             MOV P0,A
02C5 713A            343                             ACALL WXM
02C7 E558            344                             MOV A,58H
02C9 7148            345                             ACALL DSP
02CB F580            346                             MOV P0,A
02CD D287            347                             SETB P0.7
02CF 713A            348                             ACALL WXM
02D1 E557            349                             MOV A,57H
02D3 7148            350                             ACALL DSP
02D5 F580            351                             MOV P0,A
02D7 713A            352                             ACALL WXM
02D9 E556            353                             MOV A,56H
02DB 7148            354                             ACALL DSP
02DD F580            355                             MOV P0,A
02DF 713A            356                             ACALL WXM
02E1 E555            357                             MOV A,55H
02E3 7148            358                             ACALL DSP
02E5 F580            359                             MOV P0,A
02E7 713A            360                             ACALL WXM
02E9                 361                             DOUT:
02E9 22              362                                     RET
02EA                 363     ALSM:
02EA E541            364             MOV A,41H
02EC B52807          365             CJNE A,28H,AK1
02EF E542            366             MOV A,42H
02F1 B52702          367             CJNE A,27H,AK1
02F4 C2B0            368             CLR P3.0
02F6                 369             AK1:
02F6 E551            370                     MOV A,51H
02F8 B52807          371                     CJNE A,28H,AK2
02FB E552            372                     MOV A,52H
02FD B52702          373                     CJNE A,27H,AK2
0300 C2B0            374                     CLR P3.0
0302                 375                     AK2:
0302 E561            376                             MOV A,61H
0304 B52807          377                             CJNE A,28H,AK3
0307 E562            378                             MOV A,62H
0309 B52702          379                             CJNE A,27H,AK3
030C C2B0            380                             CLR P3.0
030E                 381     AK3:
030E E543            382             MOV A,43H
0310 B52807          383             CJNE A,28H,AK4
0313 E544            384             MOV A,44H
0315 B52702          385             CJNE A,27H,AK4
0318 D2B0            386             SETB P3.0
031A                 387             AK4:
A51 MACRO ASSEMBLER  MAIN                                                                 07/07/2020 01:20:19 PAGE     7

031A E553            388                     MOV A,53H
031C B52807          389                     CJNE A,28H,AK5
031F E554            390                     MOV A,54H
0321 B52702          391                     CJNE A,27H,AK5
0324 D2B0            392                     SETB P3.0
0326                 393                     AK5:
0326 E563            394                             MOV A,63H
0328 B52805          395                             CJNE A,28H,AK6
032B E564            396                             MOV A,64H
032D B52700          397                             CJNE A,27H,AK6
0330                 398     AK6:
0330 22              399             RET
0331                 400     DELAY: 
0331 7F02            401          MOV R7,#2
0333 7E28            402      D1: MOV R6,#40
0335 DEFE            403              DJNZ R6,$
0337 DFFA            404              DJNZ R7,D1
0339 22              405              RET
033A                 406     WXM:
033A 8537A0          407         MOV P2,37H
033D 7131            408         ACALL DELAY
033F 1537            409             DEC 37H
0341 758000          410             MOV P0,#00H
0344 8537A0          411             MOV P2,37H
0347 22              412             RET
0348                 413     DSP: 
0348 90034D          414        MOV DPTR,#TAB
034B 93              415        MOVC A,@A+DPTR
034C 22              416         RET
034D                 417     TAB:
034D 3F065B4F        418             DB 3FH,06H,5BH,4FH,66H
0351 66                      
0352 6D7D077F        419             DB 6DH,7DH,07H,7FH,6FH
0356 6F                      
0357 00              420             DB 00H
                     421                       END
A51 MACRO ASSEMBLER  MAIN                                                                 07/07/2020 01:20:19 PAGE     8

SYMBOL TABLE LISTING
------ ----- -------


N A M E             T Y P E  V A L U E   ATTRIBUTES

ACC. . . . . . . .  D ADDR   00E0H   A   
AK1. . . . . . . .  C ADDR   02F6H   A   
AK2. . . . . . . .  C ADDR   0302H   A   
AK3. . . . . . . .  C ADDR   030EH   A   
AK4. . . . . . . .  C ADDR   031AH   A   
AK5. . . . . . . .  C ADDR   0326H   A   
AK6. . . . . . . .  C ADDR   0330H   A   
ALSM . . . . . . .  C ADDR   02EAH   A   
B. . . . . . . . .  D ADDR   00F0H   A   
BK1. . . . . . . .  C ADDR   0209H   A   
BK2. . . . . . . .  C ADDR   0217H   A   
BK3. . . . . . . .  C ADDR   0233H   A   
BK4. . . . . . . .  C ADDR   023EH   A   
BK5. . . . . . . .  C ADDR   0254H   A   
BK6. . . . . . . .  C ADDR   025FH   A   
BK7. . . . . . . .  C ADDR   0275H   A   
BK8. . . . . . . .  C ADDR   0280H   A   
BK9. . . . . . . .  C ADDR   0296H   A   
D1 . . . . . . . .  C ADDR   0333H   A   
DELAY. . . . . . .  C ADDR   0331H   A   
DISPLAY. . . . . .  C ADDR   0162H   A   
DISP_A . . . . . .  C ADDR   016BH   A   
DISP_B . . . . . .  C ADDR   01F5H   A   
DISP_B1. . . . . .  C ADDR   0169H   A   
DK3. . . . . . . .  C ADDR   0189H   A   
DK4. . . . . . . .  C ADDR   01A7H   A   
DK5. . . . . . . .  C ADDR   01B2H   A   
DOUT . . . . . . .  C ADDR   02E9H   A   
DSP. . . . . . . .  C ADDR   0348H   A   
EX . . . . . . . .  C ADDR   008BH   A   
EX2. . . . . . . .  C ADDR   007EH   A   
F0 . . . . . . . .  B ADDR   00D0H.5 A   
IE . . . . . . . .  D ADDR   00A8H   A   
K1 . . . . . . . .  C ADDR   009CH   A   
K2 . . . . . . . .  C ADDR   00AFH   A   
K3 . . . . . . . .  C ADDR   00BFH   A   
K4 . . . . . . . .  C ADDR   0112H   A   
K41. . . . . . . .  C ADDR   009AH   A   
KEY1 . . . . . . .  B ADDR   0090H.0 A   
KEY2 . . . . . . .  B ADDR   0090H.1 A   
KEY3 . . . . . . .  B ADDR   0090H.2 A   
KEY4 . . . . . . .  B ADDR   0090H.3 A   
KEYPRESS . . . . .  C ADDR   008CH   A   
MAIN . . . . . . .  C ADDR   001DH   A   
OUT. . . . . . . .  C ADDR   0161H   A   
OUT1 . . . . . . .  C ADDR   00ECH   A   
OUT10. . . . . . .  C ADDR   00ADH   A   
P0 . . . . . . . .  D ADDR   0080H   A   
P1 . . . . . . . .  D ADDR   0090H   A   
P2 . . . . . . . .  D ADDR   00A0H   A   
P3 . . . . . . . .  D ADDR   00B0H   A   
PK1. . . . . . . .  C ADDR   0157H   A   
PUTS . . . . . . .  C ADDR   0223H   A   
S01. . . . . . . .  C ADDR   0121H   A   
S02. . . . . . . .  C ADDR   0130H   A   
S03. . . . . . . .  C ADDR   013FH   A   
S03O . . . . . . .  C ADDR   015FH   A   
T001 . . . . . . .  C ADDR   0050H   A   
T01. . . . . . . .  C ADDR   00CFH   A   
T02. . . . . . . .  C ADDR   00DFH   A   
A51 MACRO ASSEMBLER  MAIN                                                                 07/07/2020 01:20:19 PAGE     9

T03. . . . . . . .  C ADDR   00EEH   A   
T03O . . . . . . .  C ADDR   010EH   A   
T0_EX. . . . . . .  C ADDR   0077H   A   
TAB. . . . . . . .  C ADDR   034DH   A   
TH0. . . . . . . .  D ADDR   008CH   A   
TH1. . . . . . . .  D ADDR   008DH   A   
TIMER1 . . . . . .  C ADDR   0044H   A   
TIMER2 . . . . . .  C ADDR   007FH   A   
TK1. . . . . . . .  C ADDR   0106H   A   
TL0. . . . . . . .  D ADDR   008AH   A   
TL1. . . . . . . .  D ADDR   008BH   A   
TMOD . . . . . . .  D ADDR   0089H   A   
TO . . . . . . . .  C ADDR   0059H   A   
TR0. . . . . . . .  B ADDR   0088H.4 A   
TR1. . . . . . . .  B ADDR   0088H.6 A   
WXM. . . . . . . .  C ADDR   033AH   A   
XS . . . . . . . .  C ADDR   02A1H   A   


REGISTER BANK(S) USED: 0 


ASSEMBLY COMPLETE.  0 WARNING(S), 0 ERROR(S)
